<?xml version="1.0" encoding="UTF-8"?>
<!-- Generated by org.testng.reporters.JUnitXMLReporter -->
<testsuite hostname="DESKTOP-RT1RM8J" ignored="0" name="TestWindows" tests="3" failures="0" timestamp="2022-01-08T01:00:57 IST" time="68.154" errors="0">
  <testcase name="login" time="6.031" classname="com.learnautomation.testcases.UserCreateTest"/>
  <testcase name="createUser" time="24.506" classname="com.learnautomation.testcases.UserCreateTest"/>
  <testcase name="logOutApplication" time="17.566" classname="com.learnautomation.testcases.UserCreateTest"/>
</testsuite> <!-- TestWindows -->
