<?xml version="1.0" encoding="UTF-8"?>
<!-- Generated by org.testng.reporters.JUnitXMLReporter -->
<testsuite hostname="DESKTOP-RT1RM8J" ignored="0" name="Test" tests="3" failures="0" timestamp="2022-01-08T08:18:50 IST" time="26.216" errors="0">
  <testcase name="login" time="4.888" classname="com.learnautomation.testcases.LoginTestWithPOMWithFactory"/>
  <testcase name="verifyTabs" time="0.076" classname="com.learnautomation.testcases.LoginTestWithPOMWithFactory"/>
  <testcase name="logOutApplication" time="1.567" classname="com.learnautomation.testcases.LoginTestWithPOMWithFactory"/>
</testsuite> <!-- Test -->
