<?xml version="1.0" encoding="UTF-8"?>
<!-- Generated by org.testng.reporters.JUnitXMLReporter -->
<testsuite hostname="DESKTOP-RT1RM8J" ignored="0" name="Test" tests="3" failures="0" timestamp="2022-01-08T00:40:54 IST" time="54.905" errors="0">
  <testcase name="login" time="7.294" classname="com.learnautomation.testcases.UserCreateTest"/>
  <testcase name="createUser" time="19.607" classname="com.learnautomation.testcases.UserCreateTest"/>
  <testcase name="logOutApplication" time="3.076" classname="com.learnautomation.testcases.UserCreateTest"/>
</testsuite> <!-- Test -->
