<?xml version="1.0" encoding="UTF-8"?>
<!-- Generated by org.testng.reporters.JUnitXMLReporter -->
<testsuite hostname="DESKTOP-RT1RM8J" ignored="0" name="TestOnWindows11Chrome" tests="3" failures="0" timestamp="2022-01-08T08:28:00 IST" time="29.059" errors="0">
  <testcase name="login" time="4.788" classname="com.learnautomation.testcases.LoginTestWithPOMWithFactory"/>
  <testcase name="verifyTabs" time="0.273" classname="com.learnautomation.testcases.LoginTestWithPOMWithFactory"/>
  <testcase name="logOutApplication" time="1.966" classname="com.learnautomation.testcases.LoginTestWithPOMWithFactory"/>
</testsuite> <!-- TestOnWindows11Chrome -->
