<?xml version="1.0" encoding="UTF-8"?>
<!-- Generated by org.testng.reporters.JUnitXMLReporter -->
<testsuite hostname="DESKTOP-RT1RM8J" ignored="0" name="TestOnWindows10Chrome" tests="3" failures="0" timestamp="2022-01-08T08:28:01 IST" time="29.888" errors="0">
  <testcase name="login" time="5.84" classname="com.learnautomation.testcases.LoginTestWithPOMWithFactory"/>
  <testcase name="verifyTabs" time="0.157" classname="com.learnautomation.testcases.LoginTestWithPOMWithFactory"/>
  <testcase name="logOutApplication" time="1.827" classname="com.learnautomation.testcases.LoginTestWithPOMWithFactory"/>
</testsuite> <!-- TestOnWindows10Chrome -->
