<?xml version="1.0" encoding="UTF-8"?>
<!-- Generated by org.testng.reporters.JUnitXMLReporter -->
<testsuite hostname="DESKTOP-3S3P68U" ignored="0" name="TestOnWindows11Chrome" tests="2" failures="1" timestamp="2022-01-23T10:11:00 IST" time="22.402" errors="0">
  <testcase name="login" time="6.235" classname="com.learnautomation.testcases.RecruitmentTest"/>
  <testcase name="addCandidateTest" time="0.004" classname="com.learnautomation.testcases.RecruitmentTest">
    <failure type="java.lang.NullPointerException">
      <![CDATA[java.lang.NullPointerException
at com.learnautomation.testcases.RecruitmentTest.addCandidateTest(RecruitmentTest.java:46)
at java.util.ArrayList.forEach(ArrayList.java:1257)
at java.util.concurrent.FutureTask.run(FutureTask.java:266)
at java.util.concurrent.ThreadPoolExecutor.runWorker(ThreadPoolExecutor.java:1149)
at java.util.concurrent.ThreadPoolExecutor$Worker.run(ThreadPoolExecutor.java:624)
at java.lang.Thread.run(Thread.java:748)
... Removed 18 stack frames]]>
    </failure>
  </testcase> <!-- addCandidateTest -->
</testsuite> <!-- TestOnWindows11Chrome -->
