<?xml version="1.0" encoding="UTF-8"?>
<!-- Generated by org.testng.reporters.JUnitXMLReporter -->
<testsuite hostname="DESKTOP-3S3P68U" ignored="0" name="TestOnWindows10Chrome" tests="3" failures="0" timestamp="2022-01-23T10:45:25 IST" time="1.861" errors="0">
  <testcase name="@BeforeClass setup" time="0.056" classname="com.learnautomation.base.BaseClass">
    <failure type="java.lang.NullPointerException">
      <![CDATA[java.lang.NullPointerException
at com.learnautomation.factory.BrowserFactory.startBrowser(BrowserFactory.java:27)
at com.learnautomation.base.BaseClass.setup(BaseClass.java:58)
at java.util.ArrayList.forEach(ArrayList.java:1257)
at java.util.concurrent.FutureTask.run(FutureTask.java:266)
at java.util.concurrent.ThreadPoolExecutor.runWorker(ThreadPoolExecutor.java:1149)
at java.util.concurrent.ThreadPoolExecutor$Worker.run(ThreadPoolExecutor.java:624)
at java.lang.Thread.run(Thread.java:748)
... Removed 16 stack frames]]>
    </failure>
  </testcase> <!-- @BeforeClass setup -->
  <testcase name="@BeforeMethod setupDriver" time="-1.642914925251E9" classname="com.learnautomation.testcases.LoginTestWithPOMWithFactory">
    <skipped/>
  </testcase> <!-- @BeforeMethod setupDriver -->
  <testcase name="@BeforeMethod setupDriver" time="-1.642914925298E9" classname="com.learnautomation.testcases.LoginTestWithPOMWithFactory">
    <skipped/>
  </testcase> <!-- @BeforeMethod setupDriver -->
  <testcase name="@BeforeMethod setupDriver" time="-1.642914925316E9" classname="com.learnautomation.testcases.LoginTestWithPOMWithFactory">
    <skipped/>
  </testcase> <!-- @BeforeMethod setupDriver -->
  <testcase name="@AfterClass tearDown" time="-1.642914925331E9" classname="com.learnautomation.base.BaseClass">
    <skipped/>
  </testcase> <!-- @AfterClass tearDown -->
  <testcase name="login" time="0.0" classname="com.learnautomation.testcases.LoginTestWithPOMWithFactory">
    <skipped/>
  </testcase> <!-- login -->
  <testcase name="verifyTabs" time="0.0" classname="com.learnautomation.testcases.LoginTestWithPOMWithFactory">
    <skipped/>
  </testcase> <!-- verifyTabs -->
  <testcase name="logOutApplication" time="0.0" classname="com.learnautomation.testcases.LoginTestWithPOMWithFactory">
    <skipped/>
  </testcase> <!-- logOutApplication -->
</testsuite> <!-- TestOnWindows10Chrome -->
