<?xml version="1.0" encoding="UTF-8"?>
<!-- Generated by org.testng.reporters.JUnitXMLReporter -->
<testsuite hostname="DESKTOP-3S3P68U" ignored="0" name="TestOnWindows10ChromeRecruitmentTest" tests="2" failures="0" timestamp="2022-01-23T10:54:57 IST" time="26.066" errors="0">
  <testcase name="login" time="5.785" classname="com.learnautomation.testcases.RecruitmentTest"/>
  <testcase name="addCandidateTest" time="5.917" classname="com.learnautomation.testcases.RecruitmentTest"/>
</testsuite> <!-- TestOnWindows10ChromeRecruitmentTest -->
