<?xml version="1.0" encoding="UTF-8"?>
<!-- Generated by org.testng.reporters.JUnitXMLReporter -->
<testsuite hostname="DESKTOP-RT1RM8J" ignored="0" name="TestOnDevices" tests="3" failures="0" timestamp="2022-01-08T01:05:36 IST" time="25.562" errors="0">
  <testcase name="login" time="4.593" classname="com.learnautomation.testcases.UserCreateTest"/>
  <testcase name="createUser" time="8.993" classname="com.learnautomation.testcases.UserCreateTest"/>
  <testcase name="logOutApplication" time="1.159" classname="com.learnautomation.testcases.UserCreateTest"/>
</testsuite> <!-- TestOnDevices -->
