<?xml version="1.0" encoding="UTF-8"?>
<testng-results skipped="0" failed="0" ignored="0" total="2" passed="2">
  <reporter-output>
  </reporter-output>
  <suite name="Test On BrowserStack with different platform" duration-ms="26066" started-at="2022-01-23T10:54:31 IST" finished-at="2022-01-23T10:54:57 IST">
    <groups>
    </groups>
    <test name="TestOnWindows10ChromeRecruitmentTest" duration-ms="26066" started-at="2022-01-23T10:54:31 IST" finished-at="2022-01-23T10:54:57 IST">
      <class name="com.learnautomation.testcases.RecruitmentTest">
        <test-method status="PASS" signature="setup(java.lang.String,java.lang.String,java.lang.String,java.lang.String,java.lang.String)[pri:0, instance:com.learnautomation.testcases.RecruitmentTest@7ec7ffd3]" name="setup" is-config="true" duration-ms="12062" started-at="2022-01-23T10:54:31 IST" finished-at="2022-01-23T10:54:43 IST">
          <params>
            <param index="0">
              <value>
                <![CDATA[false]]>
              </value>
            </param>
            <param index="1">
              <value>
                <![CDATA[Windows]]>
              </value>
            </param>
            <param index="2">
              <value>
                <![CDATA[10]]>
              </value>
            </param>
            <param index="3">
              <value>
                <![CDATA[Chrome]]>
              </value>
            </param>
            <param index="4">
              <value>
                <![CDATA[latest]]>
              </value>
            </param>
          </params>
          <reporter-output>
          </reporter-output>
        </test-method> <!-- setup -->
        <test-method status="PASS" signature="setupDriver()[pri:0, instance:com.learnautomation.testcases.RecruitmentTest@7ec7ffd3]" name="setupDriver" is-config="true" duration-ms="0" started-at="2022-01-23T10:54:45 IST" finished-at="2022-01-23T10:54:45 IST">
          <reporter-output>
          </reporter-output>
        </test-method> <!-- setupDriver -->
        <test-method status="PASS" signature="login(java.lang.String,java.lang.String)[pri:1, instance:com.learnautomation.testcases.RecruitmentTest@7ec7ffd3]" name="login" duration-ms="5785" started-at="2022-01-23T10:54:45 IST" data-provider="Login" finished-at="2022-01-23T10:54:51 IST">
          <params>
            <param index="0">
              <value>
                <![CDATA[admin]]>
              </value>
            </param>
            <param index="1">
              <value>
                <![CDATA[admin123]]>
              </value>
            </param>
          </params>
          <reporter-output>
          </reporter-output>
        </test-method> <!-- login -->
        <test-method status="PASS" signature="setupDriver()[pri:0, instance:com.learnautomation.testcases.RecruitmentTest@7ec7ffd3]" name="setupDriver" is-config="true" duration-ms="0" started-at="2022-01-23T10:54:51 IST" finished-at="2022-01-23T10:54:51 IST">
          <reporter-output>
          </reporter-output>
        </test-method> <!-- setupDriver -->
        <test-method status="PASS" signature="addCandidateTest()[pri:0, instance:com.learnautomation.testcases.RecruitmentTest@7ec7ffd3]" name="addCandidateTest" duration-ms="5917" started-at="2022-01-23T10:54:51 IST" depends-on-methods="com.learnautomation.testcases.RecruitmentTest.login" finished-at="2022-01-23T10:54:56 IST">
          <reporter-output>
          </reporter-output>
        </test-method> <!-- addCandidateTest -->
        <test-method status="PASS" signature="tearDown()[pri:0, instance:com.learnautomation.testcases.RecruitmentTest@7ec7ffd3]" name="tearDown" is-config="true" duration-ms="701" started-at="2022-01-23T10:54:56 IST" finished-at="2022-01-23T10:54:57 IST">
          <reporter-output>
          </reporter-output>
        </test-method> <!-- tearDown -->
      </class> <!-- com.learnautomation.testcases.RecruitmentTest -->
    </test> <!-- TestOnWindows10ChromeRecruitmentTest -->
  </suite> <!-- Test On BrowserStack with different platform -->
</testng-results>
